<?xml version="1.0" encoding="UTF-8"?>
<!-- Generated by org.testng.reporters.JUnitReportReporter -->
<testsuite hostname="DESKTOP-DLC6ABM" failures="0" tests="5" name="httpMethods.CRUD_operation" time="6.216" errors="0" timestamp="2024-03-14T20:28:11 PDT" skipped="0">
  <testcase classname="httpMethods.CRUD_operation" name="getList_of_Users" time="4.188"/>
  <system-out/>
  <testcase classname="httpMethods.CRUD_operation" name="Post_Create" time="0.619"/>
  <system-out/>
  <testcase classname="httpMethods.CRUD_operation" name="PUT_UPDATE" time="0.469"/>
  <system-out/>
  <testcase classname="httpMethods.CRUD_operation" name="PATCH_UPDATE" time="0.496"/>
  <system-out/>
  <testcase classname="httpMethods.CRUD_operation" name="DELETE" time="0.444"/>
  <system-out/>
</testsuite> <!-- httpMethods.CRUD_operation -->
