<?xml version="1.0" encoding="UTF-8"?>
<!-- Generated by org.testng.reporters.JUnitReportReporter -->
<testsuite hostname="DESKTOP-DLC6ABM" failures="0" tests="1" name="httpMethods.CRUDoperation" time="2.006" errors="0" timestamp="2024-03-09T16:09:51 PST" skipped="0">
  <testcase classname="httpMethods.CRUDoperation" name="getList_of_Users" time="2.006"/>
</testsuite> <!-- httpMethods.CRUDoperation -->
