<?xml version="1.0" encoding="UTF-8"?>
<!-- Generated by org.testng.reporters.JUnitReportReporter -->
<testsuite hostname="DESKTOP-DLC6ABM" failures="0" tests="1" name="httpMethods.Peststore" time="2.054" errors="0" timestamp="2024-03-13T19:47:55 PDT" skipped="0">
  <testcase classname="httpMethods.Peststore" name="Get_pestore" time="2.054"/>
  <system-out/>
</testsuite> <!-- httpMethods.Peststore -->
