<?xml version="1.0" encoding="UTF-8"?>
<!-- Generated by org.testng.reporters.JUnitReportReporter -->
<testsuite hostname="DESKTOP-DLC6ABM" failures="0" tests="2" name="httpMethods.POST_METHODS" time="0.845" errors="0" timestamp="2024-03-13T19:47:55 PDT" skipped="0">
  <testcase classname="httpMethods.POST_METHODS" name="Post_Create" time="0.446"/>
  <system-out/>
  <testcase classname="httpMethods.POST_METHODS" name="Post_REGISTER" time="0.399"/>
  <system-out/>
</testsuite> <!-- httpMethods.POST_METHODS -->
