<?xml version="1.0" encoding="UTF-8"?>
<!-- Generated by org.testng.reporters.JUnitReportReporter -->
<testsuite hostname="DESKTOP-DLC6ABM" failures="0" tests="2" name="httpMethods.Petstore" time="3.759" errors="0" timestamp="2024-03-14T20:54:58 PDT" skipped="0">
  <testcase classname="httpMethods.Petstore" name="Get_FindbyStatus" time="3.296"/>
  <system-out/>
  <testcase classname="httpMethods.Petstore" name="Get_FindbyTags" time="0.463"/>
  <system-out/>
</testsuite> <!-- httpMethods.Petstore -->
