<?xml version="1.0" encoding="UTF-8"?>
<!-- Generated by org.testng.reporters.JUnitReportReporter -->
<testsuite hostname="DESKTOP-DLC6ABM" failures="0" tests="1" name="petStore.Petstore_PetModule" time="3.188" errors="0" timestamp="2024-03-20T12:22:43 PDT" skipped="0">
  <testcase classname="petStore.Petstore_PetModule" name="Post_NewPetToStore" time="3.188"/>
  <system-out/>
</testsuite> <!-- petStore.Petstore_PetModule -->
