<?xml version="1.0" encoding="UTF-8"?>
<!-- Generated by org.testng.reporters.JUnitReportReporter -->
<testsuite hostname="DESKTOP-DLC6ABM" failures="0" tests="1" name="fakerjava.FakerJava" time="0.164" errors="0" timestamp="2024-03-20T18:46:33 PDT" skipped="0">
  <testcase classname="fakerjava.FakerJava" name="Generate_fakerdata" time="0.164"/>
  <system-out/>
</testsuite> <!-- fakerjava.FakerJava -->
