<?xml version="1.0" encoding="UTF-8"?>
<!-- Generated by org.testng.reporters.JUnitReportReporter -->
<testsuite hostname="DESKTOP-DLC6ABM" failures="0" tests="3" name="httpMethods.GET_METHODS" time="0.724" errors="0" timestamp="2024-03-13T19:47:55 PDT" skipped="0">
  <testcase classname="httpMethods.GET_METHODS" name="Single_User" time="0.113"/>
  <system-out/>
  <testcase classname="httpMethods.GET_METHODS" name="Single_User_Not_Found" time="0.432"/>
  <system-out/>
  <testcase classname="httpMethods.GET_METHODS" name="List_resource" time="0.179"/>
  <system-out/>
</testsuite> <!-- httpMethods.GET_METHODS -->
